[2024-07-18T06:13:03.722+0000] {local_task_job_runner.py:120} INFO - ::group::Pre task execution logs
[2024-07-18T06:13:03.748+0000] {taskinstance.py:2073} INFO - Dependencies all met for dep_context=non-requeueable deps ti=<TaskInstance: Oper_Auto_O.query_data_from_oracle scheduled__2024-07-18T05:45:00+00:00 [queued]>
[2024-07-18T06:13:03.755+0000] {taskinstance.py:2073} INFO - Dependencies all met for dep_context=requeueable deps ti=<TaskInstance: Oper_Auto_O.query_data_from_oracle scheduled__2024-07-18T05:45:00+00:00 [queued]>
[2024-07-18T06:13:03.755+0000] {taskinstance.py:2303} INFO - Starting attempt 1 of 3
[2024-07-18T06:13:03.770+0000] {taskinstance.py:2327} INFO - Executing <Task(PythonOperator): query_data_from_oracle> on 2024-07-18 05:45:00+00:00
[2024-07-18T06:13:03.775+0000] {warnings.py:110} WARNING - /home/***/.local/lib/python3.12/site-packages/***/task/task_runner/standard_task_runner.py:61: DeprecationWarning: This process (pid=5003) is multi-threaded, use of fork() may lead to deadlocks in the child.
  pid = os.fork()

[2024-07-18T06:13:03.777+0000] {standard_task_runner.py:63} INFO - Started process 5009 to run task
[2024-07-18T06:13:03.778+0000] {standard_task_runner.py:90} INFO - Running: ['***', 'tasks', 'run', 'Oper_Auto_O', 'query_data_from_oracle', 'scheduled__2024-07-18T05:45:00+00:00', '--job-id', '89', '--raw', '--subdir', 'DAGS_FOLDER/Prince.py', '--cfg-path', '/tmp/tmpr7cweoyz']
[2024-07-18T06:13:03.781+0000] {standard_task_runner.py:91} INFO - Job 89: Subtask query_data_from_oracle
[2024-07-18T06:13:03.834+0000] {task_command.py:426} INFO - Running <TaskInstance: Oper_Auto_O.query_data_from_oracle scheduled__2024-07-18T05:45:00+00:00 [running]> on host a0a98051551f
[2024-07-18T06:13:04.516+0000] {taskinstance.py:2644} INFO - Exporting env vars: AIRFLOW_CTX_DAG_EMAIL='tanakitsiriteerapan@gmail.com' AIRFLOW_CTX_DAG_OWNER='Diw' AIRFLOW_CTX_DAG_ID='Oper_Auto_O' AIRFLOW_CTX_TASK_ID='query_data_from_oracle' AIRFLOW_CTX_EXECUTION_DATE='2024-07-18T05:45:00+00:00' AIRFLOW_CTX_TRY_NUMBER='1' AIRFLOW_CTX_DAG_RUN_ID='scheduled__2024-07-18T05:45:00+00:00'
[2024-07-18T06:13:04.518+0000] {taskinstance.py:430} INFO - ::endgroup::
[2024-07-18T06:13:04.625+0000] {logging_mixin.py:188} INFO -    PRODUCTID PRODUCTCODE                                        PRODUCTNAME
0         90    BKPA-M08  ประกันอุบัติเหตุส่วนบุคคล ME & HAP  รายเดือน *...
[2024-07-18T06:13:04.627+0000] {python.py:237} INFO - Done. Returned value was:    PRODUCTID PRODUCTCODE                                        PRODUCTNAME
0         90    BKPA-M08  ประกันอุบัติเหตุส่วนบุคคล ME & HAP  รายเดือน *...
[2024-07-18T06:13:04.636+0000] {taskinstance.py:441} INFO - ::group::Post task execution logs
[2024-07-18T06:13:04.680+0000] {taskinstance.py:1205} INFO - Marking task as SUCCESS. dag_id=Oper_Auto_O, task_id=query_data_from_oracle, execution_date=20240718T054500, start_date=20240718T061303, end_date=20240718T061304
[2024-07-18T06:13:04.715+0000] {local_task_job_runner.py:240} INFO - Task exited with return code 0
[2024-07-18T06:13:04.735+0000] {taskinstance.py:3482} INFO - 1 downstream tasks scheduled from follow-on schedule check
[2024-07-18T06:13:04.738+0000] {local_task_job_runner.py:222} INFO - ::endgroup::
